#
# There is insufficient memory for the Java Runtime Environment to continue.
# Native memory allocation (malloc) failed to allocate 425936 bytes. Error detail: Chunk::new
# Possible reasons:
#   The system is out of physical RAM or swap space
#   This process is running with CompressedOops enabled, and the Java Heap may be blocking the growth of the native heap
# Possible solutions:
#   Reduce memory load on the system
#   Increase physical memory or swap space
#   Check if swap backing store is full
#   Decrease Java heap size (-Xmx/-Xms)
#   Decrease number of Java threads
#   Decrease Java thread stack sizes (-Xss)
#   Set larger code cache with -XX:ReservedCodeCacheSize=
#   JVM is running with Unscaled Compressed Oops mode in which the Java heap is
#     placed in the first 4GB address space. The Java Heap base address is the
#     maximum limit for the native heap growth. Please use -XX:HeapBaseMinAddress
#     to set the Java Heap base and to place the Java Heap above 4GB virtual address.
# This output file may be truncated or incomplete.
#
#  Out of Memory Error (arena.cpp:191), pid=18460, tid=31380
#
# JRE version: OpenJDK Runtime Environment Temurin-17.0.12+7 (17.0.12+7) (build 17.0.12+7)
# Java VM: OpenJDK 64-Bit Server VM Temurin-17.0.12+7 (17.0.12+7, mixed mode, tiered, compressed oops, compressed class ptrs, parallel gc, windows-amd64)
# No core dump will be written. Minidumps are not enabled by default on client versions of Windows
#

---------------  S U M M A R Y ------------

Command Line: --add-modules=ALL-SYSTEM --add-opens=java.base/java.util=ALL-UNNAMED --add-opens=java.base/java.lang=ALL-UNNAMED --add-opens=java.base/sun.nio.fs=ALL-UNNAMED -Declipse.application=org.eclipse.jdt.ls.core.id1 -Dosgi.bundles.defaultStartLevel=4 -Declipse.product=org.eclipse.jdt.ls.core.product -Djava.import.generatesMetadataFilesAtProjectRoot=false -DDetectVMInstallationsJob.disabled=true -Dfile.encoding=utf8 -XX:+UseParallelGC -XX:GCTimeRatio=4 -XX:AdaptiveSizePolicyWeight=90 -Dsun.zip.disableMemoryMapping=true -Xmx1G -Xms100m -Xlog:disable -javaagent:c:\Users\ASUS\.vscode\extensions\redhat.java-1.34.0-win32-x64\lombok\lombok-1.18.33.jar -XX:+HeapDumpOnOutOfMemoryError -XX:HeapDumpPath=c:\Users\ASUS\AppData\Roaming\Code\User\workspaceStorage\6dc25c7115777156d497d2143beefcad\redhat.java -Daether.dependencyCollector.impl=bf c:\Users\ASUS\.vscode\extensions\redhat.java-1.34.0-win32-x64\server\plugins\org.eclipse.equinox.launcher_1.6.900.v20240613-2009.jar -configuration c:\Users\ASUS\AppData\Roaming\Code\User\globalStorage\redhat.java\1.34.0\config_win -data c:\Users\ASUS\AppData\Roaming\Code\User\workspaceStorage\6dc25c7115777156d497d2143beefcad\redhat.java\jdt_ws --pipe=\\.\pipe\lsp-338161faa1098b793a8f04dc1c03464b-sock

Host: Intel(R) Core(TM) i5-8300H CPU @ 2.30GHz, 8 cores, 31G,  Windows 11 , 64 bit Build 22621 (10.0.22621.4391)
Time: Tue Dec  3 23:09:32 2024 Hora est. Pacífico, Sudamérica elapsed time: 89344.837503 seconds (1d 0h 49m 4s)

---------------  T H R E A D  ---------------

Current thread (0x0000020702a72030):  JavaThread "C2 CompilerThread1" daemon [_thread_in_native, id=31380, stack(0x000000a4c7c00000,0x000000a4c7d00000)]


Current CompileTask:
C2:89344837 8776       4       java.net.URI$Parser::parse (243 bytes)

Stack: [0x000000a4c7c00000,0x000000a4c7d00000]
Native frames: (J=compiled Java code, j=interpreted, Vv=VM code, C=native code)
V  [jvm.dll+0x67f929]
V  [jvm.dll+0x8371ba]
V  [jvm.dll+0x838c7e]
V  [jvm.dll+0x8392e3]
V  [jvm.dll+0x24834f]
V  [jvm.dll+0xac9d4]
V  [jvm.dll+0xad01c]
V  [jvm.dll+0x367452]
V  [jvm.dll+0x33197a]
V  [jvm.dll+0x330e1a]
V  [jvm.dll+0x21a8b1]
V  [jvm.dll+0x219cf1]
V  [jvm.dll+0x1a58bd]
V  [jvm.dll+0x229a2d]
V  [jvm.dll+0x227bdc]
V  [jvm.dll+0x7ec1f7]
V  [jvm.dll+0x7e65dc]
V  [jvm.dll+0x67e7f7]
C  [ucrtbase.dll+0x29333]
C  [KERNEL32.DLL+0x1259d]
C  [ntdll.dll+0x5af38]


---------------  P R O C E S S  ---------------

Threads class SMR info:
_java_thread_list=0x0000020703424880, length=45, elements={
0x00000207669ba220, 0x000002077a841010, 0x000002077a8437d0, 0x000002077a84b2a0,
0x000002077a84de40, 0x000002077f8f57b0, 0x000002077f8f8cb0, 0x000002077f8fa3b0,
0x000002077f95a3d0, 0x000002077f9628e0, 0x000002077fa35c20, 0x000002077fc3d530,
0x0000020701353970, 0x0000020701403010, 0x000002077fab35d0, 0x000002070155bde0,
0x000002070104a450, 0x00000207010485f0, 0x0000020701048b00, 0x0000020701049010,
0x000002070256d410, 0x00000207025701a0, 0x00000207025706b0, 0x000002070256fc90,
0x000002070256d920, 0x000002070256bac0, 0x000002070256e850, 0x0000020702570bc0,
0x000002070256a170, 0x000002070256ed60, 0x000002070256f780, 0x000002070256bfd0,
0x0000020702569750, 0x000002070256e340, 0x000002070256ab90, 0x0000020701049a30,
0x0000020701049f40, 0x0000020701047bd0, 0x00000207058942c0, 0x0000020705893db0,
0x0000020702a72030, 0x0000020700f1a640, 0x0000020705891a40, 0x00000207058951f0,
0x0000020705892460
}

Java Threads: ( => current thread )
  0x00000207669ba220 JavaThread "main" [_thread_blocked, id=14352, stack(0x000000a4c7f00000,0x000000a4c8000000)]
  0x000002077a841010 JavaThread "Reference Handler" daemon [_thread_blocked, id=9700, stack(0x000000a4c8200000,0x000000a4c8300000)]
  0x000002077a8437d0 JavaThread "Finalizer" daemon [_thread_blocked, id=16044, stack(0x000000a4c8300000,0x000000a4c8400000)]
  0x000002077a84b2a0 JavaThread "Signal Dispatcher" daemon [_thread_blocked, id=17564, stack(0x000000a4c8400000,0x000000a4c8500000)]
  0x000002077a84de40 JavaThread "Attach Listener" daemon [_thread_blocked, id=26260, stack(0x000000a4c8500000,0x000000a4c8600000)]
  0x000002077f8f57b0 JavaThread "Service Thread" daemon [_thread_blocked, id=17632, stack(0x000000a4c8600000,0x000000a4c8700000)]
  0x000002077f8f8cb0 JavaThread "Monitor Deflation Thread" daemon [_thread_blocked, id=25216, stack(0x000000a4c8700000,0x000000a4c8800000)]
  0x000002077f8fa3b0 JavaThread "C2 CompilerThread0" daemon [_thread_in_native, id=25416, stack(0x000000a4c8800000,0x000000a4c8900000)]
  0x000002077f95a3d0 JavaThread "C1 CompilerThread0" daemon [_thread_in_vm, id=12540, stack(0x000000a4c8900000,0x000000a4c8a00000)]
  0x000002077f9628e0 JavaThread "Sweeper thread" daemon [_thread_blocked, id=27348, stack(0x000000a4c8a00000,0x000000a4c8b00000)]
  0x000002077fa35c20 JavaThread "Common-Cleaner" daemon [_thread_blocked, id=26980, stack(0x000000a4c8b00000,0x000000a4c8c00000)]
  0x000002077fc3d530 JavaThread "Notification Thread" daemon [_thread_blocked, id=13844, stack(0x000000a4c8d00000,0x000000a4c8e00000)]
  0x0000020701353970 JavaThread "Active Thread: Equinox Container: 175e5d6b-7c6f-4eab-9f51-7630c3611991" [_thread_blocked, id=25808, stack(0x000000a4c9500000,0x000000a4c9600000)]
  0x0000020701403010 JavaThread "Framework Event Dispatcher: Equinox Container: 175e5d6b-7c6f-4eab-9f51-7630c3611991" daemon [_thread_blocked, id=24648, stack(0x000000a4c9400000,0x000000a4c9500000)]
  0x000002077fab35d0 JavaThread "Start Level: Equinox Container: 175e5d6b-7c6f-4eab-9f51-7630c3611991" daemon [_thread_blocked, id=24136, stack(0x000000a4c9600000,0x000000a4c9700000)]
  0x000002070155bde0 JavaThread "Bundle File Closer" daemon [_thread_blocked, id=14756, stack(0x000000a4c9900000,0x000000a4c9a00000)]
  0x000002070104a450 JavaThread "SCR Component Actor" daemon [_thread_blocked, id=14148, stack(0x000000a4c9800000,0x000000a4c9900000)]
  0x00000207010485f0 JavaThread "Worker-JM" [_thread_blocked, id=5124, stack(0x000000a4c9c00000,0x000000a4c9d00000)]
  0x0000020701048b00 JavaThread "Java indexing" daemon [_thread_in_Java, id=6532, stack(0x000000a4c9f00000,0x000000a4ca000000)]
  0x0000020701049010 JavaThread "Worker-3" [_thread_blocked, id=25312, stack(0x000000a4ca100000,0x000000a4ca200000)]
  0x000002070256d410 JavaThread "JNA Cleaner" daemon [_thread_blocked, id=21316, stack(0x000000a4ca300000,0x000000a4ca400000)]
  0x00000207025701a0 JavaThread "Thread-2" daemon [_thread_in_native, id=11804, stack(0x000000a4ca600000,0x000000a4ca700000)]
  0x00000207025706b0 JavaThread "Thread-3" daemon [_thread_in_native, id=11756, stack(0x000000a4ca700000,0x000000a4ca800000)]
  0x000002070256fc90 JavaThread "Thread-4" daemon [_thread_in_vm, id=27436, stack(0x000000a4ca800000,0x000000a4ca900000)] _threads_hazard_ptr=0x0000020703424880
  0x000002070256d920 JavaThread "Thread-5" daemon [_thread_in_native, id=14884, stack(0x000000a4ca900000,0x000000a4caa00000)]
  0x000002070256bac0 JavaThread "Thread-6" daemon [_thread_in_native, id=23256, stack(0x000000a4caa00000,0x000000a4cab00000)]
  0x000002070256e850 JavaThread "Thread-7" daemon [_thread_in_native, id=10060, stack(0x000000a4cab00000,0x000000a4cac00000)]
  0x0000020702570bc0 JavaThread "Thread-8" daemon [_thread_in_native, id=27104, stack(0x000000a4cac00000,0x000000a4cad00000)]
  0x000002070256a170 JavaThread "Thread-9" daemon [_thread_in_native, id=6340, stack(0x000000a4cad00000,0x000000a4cae00000)]
  0x000002070256ed60 JavaThread "Thread-10" daemon [_thread_in_native, id=22148, stack(0x000000a4cae00000,0x000000a4caf00000)]
  0x000002070256f780 JavaThread "pool-2-thread-1" [_thread_blocked, id=1768, stack(0x000000a4caf00000,0x000000a4cb000000)]
  0x000002070256bfd0 JavaThread "WorkspaceEventsHandler" [_thread_blocked, id=20052, stack(0x000000a4cb000000,0x000000a4cb100000)]
  0x0000020702569750 JavaThread "pool-1-thread-1" [_thread_blocked, id=27608, stack(0x000000a4cb100000,0x000000a4cb200000)]
  0x000002070256e340 JavaThread "Worker-4" [_thread_blocked, id=10008, stack(0x000000a4c7e00000,0x000000a4c7f00000)]
  0x000002070256ab90 JavaThread "Worker-5: Java indexing... " [_thread_blocked, id=25480, stack(0x000000a4c9a00000,0x000000a4c9b00000)]
  0x0000020701049a30 JavaThread "ForkJoinPool.commonPool-worker-4" daemon [_thread_in_native, id=12580, stack(0x000000a4c9e00000,0x000000a4c9f00000)]
  0x0000020701049f40 JavaThread "ForkJoinPool.commonPool-worker-5" daemon [_thread_blocked, id=2612, stack(0x000000a4ca000000,0x000000a4ca100000)]
  0x0000020701047bd0 JavaThread "ForkJoinPool.commonPool-worker-6" daemon [_thread_blocked, id=17900, stack(0x000000a4ca200000,0x000000a4ca300000)]
  0x00000207058942c0 JavaThread "ForkJoinPool.commonPool-worker-8" daemon [_thread_in_native, id=8172, stack(0x000000a4ca500000,0x000000a4ca600000)]
  0x0000020705893db0 JavaThread "Compiler Source File Reader" daemon [_thread_blocked, id=26748, stack(0x000000a4cb300000,0x000000a4cb400000)]
=>0x0000020702a72030 JavaThread "C2 CompilerThread1" daemon [_thread_in_native, id=31380, stack(0x000000a4c7c00000,0x000000a4c7d00000)]
  0x0000020700f1a640 JavaThread "C2 CompilerThread2" daemon [_thread_in_native, id=4464, stack(0x000000a4c7d00000,0x000000a4c7e00000)]
  0x0000020705891a40 JavaThread "ForkJoinPool.commonPool-worker-10" daemon [_thread_in_native, id=29296, stack(0x000000a4c9b00000,0x000000a4c9c00000)]
  0x00000207058951f0 JavaThread "ForkJoinPool.commonPool-worker-11" daemon [_thread_blocked, id=30388, stack(0x000000a4c9d00000,0x000000a4c9e00000)]
  0x0000020705892460 JavaThread "ForkJoinPool.commonPool-worker-12" daemon [_thread_blocked, id=24920, stack(0x000000a4ca400000,0x000000a4ca500000)]

Other Threads:
  0x0000020766a67ba0 VMThread "VM Thread" [stack: 0x000000a4c8100000,0x000000a4c8200000] [id=11348]
  0x000002077fc00190 WatcherThread [stack: 0x000000a4c8e00000,0x000000a4c8f00000] [id=1580]
  0x00000207669cf3e0 GCTaskThread "GC Thread#0" [stack: 0x000000a4c8000000,0x000000a4c8100000] [id=24084]
  0x00000207012fa050 GCTaskThread "GC Thread#1" [stack: 0x000000a4c8c00000,0x000000a4c8d00000] [id=26492]
  0x00000207012fa930 GCTaskThread "GC Thread#2" [stack: 0x000000a4c8f00000,0x000000a4c9000000] [id=10072]
  0x00000207010226a0 GCTaskThread "GC Thread#3" [stack: 0x000000a4c9000000,0x000000a4c9100000] [id=8892]
  0x0000020701022960 GCTaskThread "GC Thread#4" [stack: 0x000000a4c9100000,0x000000a4c9200000] [id=19532]
  0x0000020700f08bc0 GCTaskThread "GC Thread#5" [stack: 0x000000a4c9200000,0x000000a4c9300000] [id=24240]
  0x0000020700f08e80 GCTaskThread "GC Thread#6" [stack: 0x000000a4c9300000,0x000000a4c9400000] [id=3644]
  0x00000207014037c0 GCTaskThread "GC Thread#7" [stack: 0x000000a4c9700000,0x000000a4c9800000] [id=15776]

Threads with active compile tasks:
C2 CompilerThread0  89344887 8862       4       java.net.URI::checkPath (38 bytes)
C1 CompilerThread0  89344887 8887   !   3       org.eclipse.jdt.core.dom.QualifiedName::getName (60 bytes)
C2 CompilerThread1  89344887 8776       4       java.net.URI$Parser::parse (243 bytes)
C2 CompilerThread2  89344888 8859       4       java.net.URI::toString (60 bytes)

VM state: not at safepoint (normal execution)

VM Mutex/Monitor currently owned by a thread:  ([mutex/lock_event])
[0x00000207669b4f40] CodeCache_lock - owner thread: 0x000002077f95a3d0
[0x00000207669b6a00] Compile_lock - owner thread: 0x000002077f95a3d0
[0x00000207669b7540] MethodCompileQueue_lock - owner thread: 0x000002077f95a3d0

Heap address: 0x00000000c0000000, size: 1024 MB, Compressed Oops mode: 32-bit

CDS archive(s) not mapped
Compressed class space mapped at: 0x0000000100000000-0x0000000140000000, reserved size: 1073741824
Narrow klass base: 0x0000000000000000, Narrow klass shift: 3, Narrow klass range: 0x140000000

GC Precious Log:
 CPUs: 8 total, 8 available
 Memory: 32623M
 Large Page Support: Disabled
 NUMA Support: Disabled
 Compressed Oops: Enabled (32-bit)
 Alignments: Space 512K, Generation 512K, Heap 2M
 Heap Min Capacity: 100M
 Heap Initial Capacity: 100M
 Heap Max Capacity: 1G
 Pre-touch: Disabled
 Parallel Workers: 8

Heap:
 PSYoungGen      total 13312K, used 10579K [0x00000000eab00000, 0x00000000ec280000, 0x0000000100000000)
  eden space 8704K, 68% used [0x00000000eab00000,0x00000000eb0dc230,0x00000000eb380000)
  from space 4608K, 99% used [0x00000000eba00000,0x00000000ebe78c88,0x00000000ebe80000)
  to   space 6656K, 0% used [0x00000000eb380000,0x00000000eb380000,0x00000000eba00000)
 ParOldGen       total 699392K, used 350566K [0x00000000c0000000, 0x00000000eab00000, 0x00000000eab00000)
  object space 699392K, 50% used [0x00000000c0000000,0x00000000d56598d8,0x00000000eab00000)
 Metaspace       used 70655K, committed 71808K, reserved 1114112K
  class space    used 7601K, committed 8128K, reserved 1048576K

Card table byte_map: [0x0000020766350000,0x0000020766560000] _byte_map_base: 0x0000020765d50000

Marking Bits: (ParMarkBitMap*) 0x00007ffb42c858b0
 Begin Bits: [0x0000020778650000, 0x0000020779650000)
 End Bits:   [0x0000020779650000, 0x000002077a650000)

Polling page: 0x0000020764950000

Metaspace:

Usage:
  Non-class:     61.58 MB used.
      Class:      7.42 MB used.
       Both:     69.00 MB used.

Virtual space:
  Non-class space:       64.00 MB reserved,      62.19 MB ( 97%) committed,  1 nodes.
      Class space:        1.00 GB reserved,       7.94 MB ( <1%) committed,  1 nodes.
             Both:        1.06 GB reserved,      70.12 MB (  6%) committed. 

Chunk freelists:
   Non-Class:  1.79 MB
       Class:  8.11 MB
        Both:  9.89 MB

MaxMetaspaceSize: unlimited
CompressedClassSpaceSize: 1.00 GB
Initial GC threshold: 21.00 MB
Current GC threshold: 116.19 MB
CDS: off
MetaspaceReclaimPolicy: balanced
 - commit_granule_bytes: 65536.
 - commit_granule_words: 8192.
 - virtual_space_node_default_size: 8388608.
 - enlarge_chunks_in_place: 1.
 - new_chunks_are_fully_committed: 0.
 - uncommit_free_chunks: 1.
 - use_allocation_guard: 0.
 - handle_deallocations: 1.


Internal statistics:

num_allocs_failed_limit: 9.
num_arena_births: 720.
num_arena_deaths: 154.
num_vsnodes_births: 2.
num_vsnodes_deaths: 0.
num_space_committed: 1122.
num_space_uncommitted: 0.
num_chunks_returned_to_freelist: 183.
num_chunks_taken_from_freelist: 3485.
num_chunk_merges: 49.
num_chunk_splits: 2122.
num_chunks_enlarged: 1284.
num_inconsistent_stats: 0.

CodeHeap 'non-profiled nmethods': size=120000Kb used=5794Kb max_used=5794Kb free=114205Kb
 bounds [0x0000020771120000, 0x00000207716d0000, 0x0000020778650000]
CodeHeap 'profiled nmethods': size=120000Kb used=15170Kb max_used=16029Kb free=104829Kb
 bounds [0x0000020769650000, 0x000002076a600000, 0x0000020770b80000]
CodeHeap 'non-nmethods': size=5760Kb used=1407Kb max_used=1540Kb free=4352Kb
 bounds [0x0000020770b80000, 0x0000020770df0000, 0x0000020771120000]
 total_blobs=8106 nmethods=7349 adapters=669
 compilation: enabled
              stopped_count=0, restarted_count=0
 full_count=0

Compilation events (20 events):
Event: 89344.808 Thread 0x000002077f95a3d0 nmethod 8821 0x00000207716bf890 code [0x00000207716bfa20, 0x00000207716bfaf8]
Event: 89344.808 Thread 0x000002077f95a3d0 8829       1       org.eclipse.jdt.internal.core.Annotation::getElementName (5 bytes)
Event: 89344.808 Thread 0x000002077f95a3d0 nmethod 8829 0x00000207716bfb90 code [0x00000207716bfd20, 0x00000207716bfdf8]
Event: 89344.808 Thread 0x000002077f95a3d0 8811       3       org.eclipse.jdt.internal.core.BinaryMember::<init> (7 bytes)
Event: 89344.808 Thread 0x000002077f95a3d0 nmethod 8811 0x000002076a010510 code [0x000002076a0106c0, 0x000002076a010968]
Event: 89344.808 Thread 0x000002077f95a3d0 8823       1       org.eclipse.jdt.internal.core.JavaModelManager$SecondaryTypesCache::secondaryTypes (5 bytes)
Event: 89344.809 Thread 0x000002077f95a3d0 nmethod 8823 0x00000207716bfe90 code [0x00000207716c0020, 0x00000207716c00f8]
Event: 89344.809 Thread 0x000002077f95a3d0 8824       1       org.eclipse.jdt.internal.core.JavaModelManager$SecondaryTypes::cache (5 bytes)
Event: 89344.809 Thread 0x000002077f95a3d0 nmethod 8824 0x00000207716c0190 code [0x00000207716c0320, 0x00000207716c03f8]
Event: 89344.811 Thread 0x0000020700f1a640 nmethod 8828 0x00000207716c0490 code [0x00000207716c0600, 0x00000207716c0738]
Event: 89344.811 Thread 0x0000020700f1a640 8825       4       java.lang.invoke.DirectMethodHandle$Holder::invokeStatic (17 bytes)
Event: 89344.812 Thread 0x0000020700f1a640 nmethod 8825 0x00000207716c0810 code [0x00000207716c09a0, 0x00000207716c0a68]
Event: 89344.812 Thread 0x0000020700f1a640 8826       4       java.lang.invoke.LambdaForm$MH/0x0000000100265400::invoke (32 bytes)
Event: 89344.813 Thread 0x0000020700f1a640 nmethod 8826 0x00000207716c0b90 code [0x00000207716c0d20, 0x00000207716c0e38]
Event: 89344.813 Thread 0x0000020700f1a640 8827       4       java.lang.invoke.DirectMethodHandle$Holder::invokeStatic (21 bytes)
Event: 89344.827 Thread 0x0000020700f1a640 nmethod 8827 0x00000207716c0f90 code [0x00000207716c1120, 0x00000207716c1208]
Event: 89344.827 Thread 0x0000020700f1a640 8804       4       java.util.ArrayList::addAll (76 bytes)
Event: 89344.828 Thread 0x000002077f8fa3b0 nmethod 8781 0x00000207716c1310 code [0x00000207716c1520, 0x00000207716c1f88]
Event: 89344.833 Thread 0x000002077f95a3d0 8836       1       org.eclipse.jdt.internal.core.BinaryType::getElementType (3 bytes)
Event: 89344.833 Thread 0x000002077f95a3d0 nmethod 8836 0x00000207716c2710 code [0x00000207716c28a0, 0x00000207716c2978]

GC Heap History (20 events):
Event: 89343.968 GC heap before
{Heap before GC invocations=1753 (full 1556):
 PSYoungGen      total 14336K, used 11263K [0x00000000eab00000, 0x00000000ebd80000, 0x0000000100000000)
  eden space 11264K, 99% used [0x00000000eab00000,0x00000000eb5ffff8,0x00000000eb600000)
  from space 3072K, 0% used [0x00000000eba80000,0x00000000eba80000,0x00000000ebd80000)
  to   space 4608K, 0% used [0x00000000eb600000,0x00000000eb600000,0x00000000eba80000)
 ParOldGen       total 327168K, used 326845K [0x00000000c0000000, 0x00000000d3f80000, 0x00000000eab00000)
  object space 327168K, 99% used [0x00000000c0000000,0x00000000d3f2f690,0x00000000d3f80000)
 Metaspace       used 70296K, committed 71424K, reserved 1114112K
  class space    used 7576K, committed 8064K, reserved 1048576K
}
Event: 89344.109 GC heap after
{Heap after GC invocations=1753 (full 1556):
 PSYoungGen      total 15872K, used 11253K [0x00000000eab00000, 0x00000000ebd80000, 0x0000000100000000)
  eden space 11264K, 99% used [0x00000000eab00000,0x00000000eb5fd458,0x00000000eb600000)
  from space 4608K, 0% used [0x00000000eb600000,0x00000000eb600000,0x00000000eba80000)
  to   space 3072K, 0% used [0x00000000eba80000,0x00000000eba80000,0x00000000ebd80000)
 ParOldGen       total 327168K, used 326845K [0x00000000c0000000, 0x00000000d3f80000, 0x00000000eab00000)
  object space 327168K, 99% used [0x00000000c0000000,0x00000000d3f2f690,0x00000000d3f80000)
 Metaspace       used 70296K, committed 71424K, reserved 1114112K
  class space    used 7576K, committed 8064K, reserved 1048576K
}
Event: 89344.109 GC heap before
{Heap before GC invocations=1754 (full 1557):
 PSYoungGen      total 15872K, used 11263K [0x00000000eab00000, 0x00000000ebd80000, 0x0000000100000000)
  eden space 11264K, 99% used [0x00000000eab00000,0x00000000eb5ffff8,0x00000000eb600000)
  from space 4608K, 0% used [0x00000000eb600000,0x00000000eb600000,0x00000000eba80000)
  to   space 3072K, 0% used [0x00000000eba80000,0x00000000eba80000,0x00000000ebd80000)
 ParOldGen       total 327168K, used 326845K [0x00000000c0000000, 0x00000000d3f80000, 0x00000000eab00000)
  object space 327168K, 99% used [0x00000000c0000000,0x00000000d3f2f690,0x00000000d3f80000)
 Metaspace       used 70296K, committed 71424K, reserved 1114112K
  class space    used 7576K, committed 8064K, reserved 1048576K
}
Event: 89344.251 GC heap after
{Heap after GC invocations=1754 (full 1557):
 PSYoungGen      total 14336K, used 11257K [0x00000000eab00000, 0x00000000ebd80000, 0x0000000100000000)
  eden space 11264K, 99% used [0x00000000eab00000,0x00000000eb5fe488,0x00000000eb600000)
  from space 3072K, 0% used [0x00000000eba80000,0x00000000eba80000,0x00000000ebd80000)
  to   space 4608K, 0% used [0x00000000eb600000,0x00000000eb600000,0x00000000eba80000)
 ParOldGen       total 327168K, used 326845K [0x00000000c0000000, 0x00000000d3f80000, 0x00000000eab00000)
  object space 327168K, 99% used [0x00000000c0000000,0x00000000d3f2f690,0x00000000d3f80000)
 Metaspace       used 70296K, committed 71424K, reserved 1114112K
  class space    used 7576K, committed 8064K, reserved 1048576K
}
Event: 89344.251 GC heap before
{Heap before GC invocations=1755 (full 1558):
 PSYoungGen      total 14336K, used 11263K [0x00000000eab00000, 0x00000000ebd80000, 0x0000000100000000)
  eden space 11264K, 99% used [0x00000000eab00000,0x00000000eb5ffff8,0x00000000eb600000)
  from space 3072K, 0% used [0x00000000eba80000,0x00000000eba80000,0x00000000ebd80000)
  to   space 4608K, 0% used [0x00000000eb600000,0x00000000eb600000,0x00000000eba80000)
 ParOldGen       total 327168K, used 326845K [0x00000000c0000000, 0x00000000d3f80000, 0x00000000eab00000)
  object space 327168K, 99% used [0x00000000c0000000,0x00000000d3f2f690,0x00000000d3f80000)
 Metaspace       used 70296K, committed 71424K, reserved 1114112K
  class space    used 7576K, committed 8064K, reserved 1048576K
}
Event: 89344.388 GC heap after
{Heap after GC invocations=1755 (full 1558):
 PSYoungGen      total 15872K, used 11257K [0x00000000eab00000, 0x00000000ebd80000, 0x0000000100000000)
  eden space 11264K, 99% used [0x00000000eab00000,0x00000000eb5fe740,0x00000000eb600000)
  from space 4608K, 0% used [0x00000000eb600000,0x00000000eb600000,0x00000000eba80000)
  to   space 3072K, 0% used [0x00000000eba80000,0x00000000eba80000,0x00000000ebd80000)
 ParOldGen       total 327168K, used 326845K [0x00000000c0000000, 0x00000000d3f80000, 0x00000000eab00000)
  object space 327168K, 99% used [0x00000000c0000000,0x00000000d3f2f690,0x00000000d3f80000)
 Metaspace       used 70296K, committed 71424K, reserved 1114112K
  class space    used 7576K, committed 8064K, reserved 1048576K
}
Event: 89344.414 GC heap before
{Heap before GC invocations=1756 (full 1559):
 PSYoungGen      total 15872K, used 11263K [0x00000000eab00000, 0x00000000ebd80000, 0x0000000100000000)
  eden space 11264K, 99% used [0x00000000eab00000,0x00000000eb5ffff8,0x00000000eb600000)
  from space 4608K, 0% used [0x00000000eb600000,0x00000000eb600000,0x00000000eba80000)
  to   space 3072K, 0% used [0x00000000eba80000,0x00000000eba80000,0x00000000ebd80000)
 ParOldGen       total 327168K, used 326845K [0x00000000c0000000, 0x00000000d3f80000, 0x00000000eab00000)
  object space 327168K, 99% used [0x00000000c0000000,0x00000000d3f2f690,0x00000000d3f80000)
 Metaspace       used 70296K, committed 71424K, reserved 1114112K
  class space    used 7576K, committed 8064K, reserved 1048576K
}
Event: 89344.542 GC heap after
{Heap after GC invocations=1756 (full 1559):
 PSYoungGen      total 14336K, used 11257K [0x00000000eab00000, 0x00000000ebd80000, 0x0000000100000000)
  eden space 11264K, 99% used [0x00000000eab00000,0x00000000eb5fe7d0,0x00000000eb600000)
  from space 3072K, 0% used [0x00000000eba80000,0x00000000eba80000,0x00000000ebd80000)
  to   space 4608K, 0% used [0x00000000eb600000,0x00000000eb600000,0x00000000eba80000)
 ParOldGen       total 699392K, used 326845K [0x00000000c0000000, 0x00000000eab00000, 0x00000000eab00000)
  object space 699392K, 46% used [0x00000000c0000000,0x00000000d3f2f690,0x00000000eab00000)
 Metaspace       used 70296K, committed 71424K, reserved 1114112K
  class space    used 7576K, committed 8064K, reserved 1048576K
}
Event: 89344.542 GC heap before
{Heap before GC invocations=1757 (full 1559):
 PSYoungGen      total 14336K, used 11263K [0x00000000eab00000, 0x00000000ebd80000, 0x0000000100000000)
  eden space 11264K, 99% used [0x00000000eab00000,0x00000000eb5fffd0,0x00000000eb600000)
  from space 3072K, 0% used [0x00000000eba80000,0x00000000eba80000,0x00000000ebd80000)
  to   space 4608K, 0% used [0x00000000eb600000,0x00000000eb600000,0x00000000eba80000)
 ParOldGen       total 699392K, used 326845K [0x00000000c0000000, 0x00000000eab00000, 0x00000000eab00000)
  object space 699392K, 46% used [0x00000000c0000000,0x00000000d3f2f690,0x00000000eab00000)
 Metaspace       used 70296K, committed 71424K, reserved 1114112K
  class space    used 7576K, committed 8064K, reserved 1048576K
}
Event: 89344.573 GC heap after
{Heap after GC invocations=1757 (full 1559):
 PSYoungGen      total 15872K, used 4580K [0x00000000eab00000, 0x00000000ebd80000, 0x0000000100000000)
  eden space 11264K, 0% used [0x00000000eab00000,0x00000000eab00000,0x00000000eb600000)
  from space 4608K, 99% used [0x00000000eb600000,0x00000000eba792c8,0x00000000eba80000)
  to   space 3072K, 0% used [0x00000000eba80000,0x00000000eba80000,0x00000000ebd80000)
 ParOldGen       total 699392K, used 333643K [0x00000000c0000000, 0x00000000eab00000, 0x00000000eab00000)
  object space 699392K, 47% used [0x00000000c0000000,0x00000000d45d2f18,0x00000000eab00000)
 Metaspace       used 70296K, committed 71424K, reserved 1114112K
  class space    used 7576K, committed 8064K, reserved 1048576K
}
Event: 89344.599 GC heap before
{Heap before GC invocations=1758 (full 1559):
 PSYoungGen      total 15872K, used 15844K [0x00000000eab00000, 0x00000000ebd80000, 0x0000000100000000)
  eden space 11264K, 100% used [0x00000000eab00000,0x00000000eb600000,0x00000000eb600000)
  from space 4608K, 99% used [0x00000000eb600000,0x00000000eba792c8,0x00000000eba80000)
  to   space 3072K, 0% used [0x00000000eba80000,0x00000000eba80000,0x00000000ebd80000)
 ParOldGen       total 699392K, used 333643K [0x00000000c0000000, 0x00000000eab00000, 0x00000000eab00000)
  object space 699392K, 47% used [0x00000000c0000000,0x00000000d45d2f18,0x00000000eab00000)
 Metaspace       used 70299K, committed 71424K, reserved 1114112K
  class space    used 7576K, committed 8064K, reserved 1048576K
}
Event: 89344.604 GC heap after
{Heap after GC invocations=1758 (full 1559):
 PSYoungGen      total 13312K, used 2103K [0x00000000eab00000, 0x00000000ec180000, 0x0000000100000000)
  eden space 10240K, 0% used [0x00000000eab00000,0x00000000eab00000,0x00000000eb500000)
  from space 3072K, 68% used [0x00000000eba80000,0x00000000ebc8de90,0x00000000ebd80000)
  to   space 5632K, 0% used [0x00000000eb500000,0x00000000eb500000,0x00000000eba80000)
 ParOldGen       total 699392K, used 337983K [0x00000000c0000000, 0x00000000eab00000, 0x00000000eab00000)
  object space 699392K, 48% used [0x00000000c0000000,0x00000000d4a0fcb0,0x00000000eab00000)
 Metaspace       used 70299K, committed 71424K, reserved 1114112K
  class space    used 7576K, committed 8064K, reserved 1048576K
}
Event: 89344.626 GC heap before
{Heap before GC invocations=1759 (full 1559):
 PSYoungGen      total 13312K, used 12343K [0x00000000eab00000, 0x00000000ec180000, 0x0000000100000000)
  eden space 10240K, 100% used [0x00000000eab00000,0x00000000eb500000,0x00000000eb500000)
  from space 3072K, 68% used [0x00000000eba80000,0x00000000ebc8de90,0x00000000ebd80000)
  to   space 5632K, 0% used [0x00000000eb500000,0x00000000eb500000,0x00000000eba80000)
 ParOldGen       total 699392K, used 337983K [0x00000000c0000000, 0x00000000eab00000, 0x00000000eab00000)
  object space 699392K, 48% used [0x00000000c0000000,0x00000000d4a0fcb0,0x00000000eab00000)
 Metaspace       used 70299K, committed 71424K, reserved 1114112K
  class space    used 7576K, committed 8064K, reserved 1048576K
}
Event: 89344.630 GC heap after
{Heap after GC invocations=1759 (full 1559):
 PSYoungGen      total 14336K, used 3795K [0x00000000eab00000, 0x00000000ebe80000, 0x0000000100000000)
  eden space 10240K, 0% used [0x00000000eab00000,0x00000000eab00000,0x00000000eb500000)
  from space 4096K, 92% used [0x00000000eb500000,0x00000000eb8b4e60,0x00000000eb900000)
  to   space 4608K, 0% used [0x00000000eba00000,0x00000000eba00000,0x00000000ebe80000)
 ParOldGen       total 699392K, used 337983K [0x00000000c0000000, 0x00000000eab00000, 0x00000000eab00000)
  object space 699392K, 48% used [0x00000000c0000000,0x00000000d4a0fcb0,0x00000000eab00000)
 Metaspace       used 70299K, committed 71424K, reserved 1114112K
  class space    used 7576K, committed 8064K, reserved 1048576K
}
Event: 89344.652 GC heap before
{Heap before GC invocations=1760 (full 1559):
 PSYoungGen      total 14336K, used 13833K [0x00000000eab00000, 0x00000000ebe80000, 0x0000000100000000)
  eden space 10240K, 98% used [0x00000000eab00000,0x00000000eb4cd718,0x00000000eb500000)
  from space 4096K, 92% used [0x00000000eb500000,0x00000000eb8b4e60,0x00000000eb900000)
  to   space 4608K, 0% used [0x00000000eba00000,0x00000000eba00000,0x00000000ebe80000)
 ParOldGen       total 699392K, used 337983K [0x00000000c0000000, 0x00000000eab00000, 0x00000000eab00000)
  object space 699392K, 48% used [0x00000000c0000000,0x00000000d4a0fcb0,0x00000000eab00000)
 Metaspace       used 70300K, committed 71424K, reserved 1114112K
  class space    used 7576K, committed 8064K, reserved 1048576K
}
Event: 89344.657 GC heap after
{Heap after GC invocations=1760 (full 1559):
 PSYoungGen      total 13312K, used 4592K [0x00000000eab00000, 0x00000000ec280000, 0x0000000100000000)
  eden space 8704K, 0% used [0x00000000eab00000,0x00000000eab00000,0x00000000eb380000)
  from space 4608K, 99% used [0x00000000eba00000,0x00000000ebe7c000,0x00000000ebe80000)
  to   space 6656K, 0% used [0x00000000eb380000,0x00000000eb380000,0x00000000eba00000)
 ParOldGen       total 699392K, used 339356K [0x00000000c0000000, 0x00000000eab00000, 0x00000000eab00000)
  object space 699392K, 48% used [0x00000000c0000000,0x00000000d4b673e8,0x00000000eab00000)
 Metaspace       used 70300K, committed 71424K, reserved 1114112K
  class space    used 7576K, committed 8064K, reserved 1048576K
}
Event: 89344.725 GC heap before
{Heap before GC invocations=1761 (full 1559):
 PSYoungGen      total 13312K, used 13276K [0x00000000eab00000, 0x00000000ec280000, 0x0000000100000000)
  eden space 8704K, 99% used [0x00000000eab00000,0x00000000eb37b160,0x00000000eb380000)
  from space 4608K, 99% used [0x00000000eba00000,0x00000000ebe7c000,0x00000000ebe80000)
  to   space 6656K, 0% used [0x00000000eb380000,0x00000000eb380000,0x00000000eba00000)
 ParOldGen       total 699392K, used 339356K [0x00000000c0000000, 0x00000000eab00000, 0x00000000eab00000)
  object space 699392K, 48% used [0x00000000c0000000,0x00000000d4b673e8,0x00000000eab00000)
 Metaspace       used 70369K, committed 71488K, reserved 1114112K
  class space    used 7580K, committed 8064K, reserved 1048576K
}
Event: 89344.735 GC heap after
{Heap after GC invocations=1761 (full 1559):
 PSYoungGen      total 15360K, used 6643K [0x00000000eab00000, 0x00000000ec280000, 0x0000000100000000)
  eden space 8704K, 0% used [0x00000000eab00000,0x00000000eab00000,0x00000000eb380000)
  from space 6656K, 99% used [0x00000000eb380000,0x00000000eb9fcfd0,0x00000000eba00000)
  to   space 4608K, 0% used [0x00000000eba00000,0x00000000eba00000,0x00000000ebe80000)
 ParOldGen       total 699392K, used 343215K [0x00000000c0000000, 0x00000000eab00000, 0x00000000eab00000)
  object space 699392K, 49% used [0x00000000c0000000,0x00000000d4f2be78,0x00000000eab00000)
 Metaspace       used 70369K, committed 71488K, reserved 1114112K
  class space    used 7580K, committed 8064K, reserved 1048576K
}
Event: 89344.815 GC heap before
{Heap before GC invocations=1762 (full 1559):
 PSYoungGen      total 15360K, used 15347K [0x00000000eab00000, 0x00000000ec280000, 0x0000000100000000)
  eden space 8704K, 100% used [0x00000000eab00000,0x00000000eb380000,0x00000000eb380000)
  from space 6656K, 99% used [0x00000000eb380000,0x00000000eb9fcfd0,0x00000000eba00000)
  to   space 4608K, 0% used [0x00000000eba00000,0x00000000eba00000,0x00000000ebe80000)
 ParOldGen       total 699392K, used 343215K [0x00000000c0000000, 0x00000000eab00000, 0x00000000eab00000)
  object space 699392K, 49% used [0x00000000c0000000,0x00000000d4f2be78,0x00000000eab00000)
 Metaspace       used 70570K, committed 71744K, reserved 1114112K
  class space    used 7596K, committed 8128K, reserved 1048576K
}
Event: 89344.827 GC heap after
{Heap after GC invocations=1762 (full 1559):
 PSYoungGen      total 13312K, used 4579K [0x00000000eab00000, 0x00000000ec280000, 0x0000000100000000)
  eden space 8704K, 0% used [0x00000000eab00000,0x00000000eab00000,0x00000000eb380000)
  from space 4608K, 99% used [0x00000000eba00000,0x00000000ebe78c88,0x00000000ebe80000)
  to   space 6656K, 0% used [0x00000000eb380000,0x00000000eb380000,0x00000000eba00000)
 ParOldGen       total 699392K, used 350566K [0x00000000c0000000, 0x00000000eab00000, 0x00000000eab00000)
  object space 699392K, 50% used [0x00000000c0000000,0x00000000d56598d8,0x00000000eab00000)
 Metaspace       used 70570K, committed 71744K, reserved 1114112K
  class space    used 7596K, committed 8128K, reserved 1048576K
}

Dll operation events (14 events):
Event: 0.044 Loaded shared library c:\Users\ASUS\.vscode\extensions\redhat.java-1.34.0-win32-x64\jre\17.0.12-win32-x86_64\bin\java.dll
Event: 0.428 Loaded shared library c:\Users\ASUS\.vscode\extensions\redhat.java-1.34.0-win32-x64\jre\17.0.12-win32-x86_64\bin\zip.dll
Event: 0.433 Loaded shared library C:\Users\ASUS\.vscode\extensions\redhat.java-1.34.0-win32-x64\jre\17.0.12-win32-x86_64\bin\instrument.dll
Event: 0.468 Loaded shared library C:\Users\ASUS\.vscode\extensions\redhat.java-1.34.0-win32-x64\jre\17.0.12-win32-x86_64\bin\net.dll
Event: 0.474 Loaded shared library C:\Users\ASUS\.vscode\extensions\redhat.java-1.34.0-win32-x64\jre\17.0.12-win32-x86_64\bin\nio.dll
Event: 0.490 Loaded shared library C:\Users\ASUS\.vscode\extensions\redhat.java-1.34.0-win32-x64\jre\17.0.12-win32-x86_64\bin\zip.dll
Event: 0.517 Loaded shared library C:\Users\ASUS\.vscode\extensions\redhat.java-1.34.0-win32-x64\jre\17.0.12-win32-x86_64\bin\jimage.dll
Event: 0.707 Loaded shared library c:\Users\ASUS\.vscode\extensions\redhat.java-1.34.0-win32-x64\jre\17.0.12-win32-x86_64\bin\verify.dll
Event: 10.547 Loaded shared library C:\Users\ASUS\AppData\Roaming\Code\User\globalStorage\redhat.java\1.34.0\config_win\org.eclipse.equinox.launcher\org.eclipse.equinox.launcher.win32.win32.x86_64_1.2.1100.v20240722-2106\eclipse_11904.dll
Event: 24.685 Loaded shared library C:\Users\ASUS\.vscode\extensions\redhat.java-1.34.0-win32-x64\jre\17.0.12-win32-x86_64\bin\management.dll
Event: 24.688 Loaded shared library C:\Users\ASUS\.vscode\extensions\redhat.java-1.34.0-win32-x64\jre\17.0.12-win32-x86_64\bin\management_ext.dll
Event: 27.635 Loaded shared library C:\Users\ASUS\AppData\Local\Temp\jna-2018896\jna5275626343472272636.dll
Event: 29.198 Loaded shared library C:\Users\ASUS\.vscode\extensions\redhat.java-1.34.0-win32-x64\jre\17.0.12-win32-x86_64\bin\sunmscapi.dll
Event: 29.588 Loaded shared library C:\Users\ASUS\.vscode\extensions\redhat.java-1.34.0-win32-x64\jre\17.0.12-win32-x86_64\bin\extnet.dll

Deoptimization events (20 events):
Event: 89344.790 Thread 0x0000020702569750 Uncommon trap: trap_request=0xffffffbe fr.pc=0x00000207716980d8 relative=0x0000000000000778
Event: 89344.790 Thread 0x0000020702569750 Uncommon trap: reason=profile_predicate action=maybe_recompile pc=0x00000207716980d8 method=org.eclipse.jdt.internal.compiler.util.SimpleLookupTable.get(Ljava/lang/Object;)Ljava/lang/Object; @ 54 c2
Event: 89344.790 Thread 0x0000020702569750 DEOPT PACKING pc=0x00000207716980d8 sp=0x000000a4cb1fc700
Event: 89344.790 Thread 0x0000020702569750 DEOPT UNPACKING pc=0x0000020770bd66a3 sp=0x000000a4cb1fc6b8 mode 2
Event: 89344.790 Thread 0x0000020702569750 Uncommon trap: trap_request=0xffffffbe fr.pc=0x0000020771165278 relative=0x00000000000007f8
Event: 89344.790 Thread 0x0000020702569750 Uncommon trap: reason=profile_predicate action=maybe_recompile pc=0x0000020771165278 method=org.eclipse.jdt.internal.compiler.util.SimpleLookupTable.put(Ljava/lang/Object;Ljava/lang/Object;)Ljava/lang/Object; @ 61 c2
Event: 89344.790 Thread 0x0000020702569750 DEOPT PACKING pc=0x0000020771165278 sp=0x000000a4cb1fc7f0
Event: 89344.790 Thread 0x0000020702569750 DEOPT UNPACKING pc=0x0000020770bd66a3 sp=0x000000a4cb1fc7a8 mode 2
Event: 89344.793 Thread 0x0000020702569750 Uncommon trap: trap_request=0xffffffd6 fr.pc=0x0000020771596d50 relative=0x0000000000000510
Event: 89344.793 Thread 0x0000020702569750 Uncommon trap: reason=array_check action=maybe_recompile pc=0x0000020771596d50 method=java.util.TimSort.binarySort([Ljava/lang/Object;IIILjava/util/Comparator;)V @ 193 c2
Event: 89344.793 Thread 0x0000020702569750 DEOPT PACKING pc=0x0000020771596d50 sp=0x000000a4cb1fd290
Event: 89344.793 Thread 0x0000020702569750 DEOPT UNPACKING pc=0x0000020770bd66a3 sp=0x000000a4cb1fd228 mode 2
Event: 89344.797 Thread 0x0000020702569750 Uncommon trap: trap_request=0xffffff45 fr.pc=0x00000207715a0da8 relative=0x0000000000000b28
Event: 89344.797 Thread 0x0000020702569750 Uncommon trap: reason=unstable_if action=reinterpret pc=0x00000207715a0da8 method=org.eclipse.jdt.internal.compiler.classfmt.FieldInfo.getName()[C @ 4 c2
Event: 89344.797 Thread 0x0000020702569750 DEOPT PACKING pc=0x00000207715a0da8 sp=0x000000a4cb1fc4d0
Event: 89344.797 Thread 0x0000020702569750 DEOPT UNPACKING pc=0x0000020770bd66a3 sp=0x000000a4cb1fc4b8 mode 2
Event: 89344.800 Thread 0x0000020702569750 Uncommon trap: trap_request=0xffffffd6 fr.pc=0x0000020771596e44 relative=0x0000000000000604
Event: 89344.800 Thread 0x0000020702569750 Uncommon trap: reason=array_check action=maybe_recompile pc=0x0000020771596e44 method=java.util.TimSort.binarySort([Ljava/lang/Object;IIILjava/util/Comparator;)V @ 183 c2
Event: 89344.800 Thread 0x0000020702569750 DEOPT PACKING pc=0x0000020771596e44 sp=0x000000a4cb1fcf10
Event: 89344.800 Thread 0x0000020702569750 DEOPT UNPACKING pc=0x0000020770bd66a3 sp=0x000000a4cb1fcea8 mode 2

Classes loaded (20 events):
Event: 89106.209 Loading class java/lang/invoke/BoundMethodHandle$Species_LLLLLLLLLL
Event: 89106.209 Loading class java/lang/invoke/BoundMethodHandle$Species_LLLLLLLLLL done
Event: 89106.212 Loading class java/lang/invoke/BoundMethodHandle$Species_LLLLLLLLLLL
Event: 89106.213 Loading class java/lang/invoke/BoundMethodHandle$Species_LLLLLLLLLLL done
Event: 89106.214 Loading class java/lang/invoke/BoundMethodHandle$Species_LLLLLLLLLLLL
Event: 89106.214 Loading class java/lang/invoke/BoundMethodHandle$Species_LLLLLLLLLLLL done
Event: 89106.216 Loading class java/lang/invoke/BoundMethodHandle$Species_LLLLLLLLLLLLL
Event: 89106.216 Loading class java/lang/invoke/BoundMethodHandle$Species_LLLLLLLLLLLLL done
Event: 89106.423 Loading class java/util/concurrent/ConcurrentHashMap$TreeNode
Event: 89106.423 Loading class java/util/concurrent/ConcurrentHashMap$TreeNode done
Event: 89106.423 Loading class java/util/concurrent/ConcurrentHashMap$TreeBin
Event: 89106.424 Loading class java/util/concurrent/ConcurrentHashMap$TreeBin done
Event: 89106.674 Loading class jdk/internal/event/SecurityPropertyModificationEvent
Event: 89106.674 Loading class jdk/internal/event/SecurityPropertyModificationEvent done
Event: 89106.768 Loading class java/util/zip/CheckedInputStream
Event: 89106.768 Loading class java/util/zip/CheckedInputStream done
Event: 89106.843 Loading class java/util/zip/GZIPInputStream$1
Event: 89106.843 Loading class java/util/zip/GZIPInputStream$1 done
Event: 89107.395 Loading class java/nio/file/Files$2
Event: 89107.395 Loading class java/nio/file/Files$2 done

Classes unloaded (20 events):
Event: 89104.277 Thread 0x0000020766a67ba0 Unloading class 0x000000010022a800 'java/lang/invoke/LambdaForm$MH+0x000000010022a800'
Event: 89104.277 Thread 0x0000020766a67ba0 Unloading class 0x000000010022a400 'java/lang/invoke/LambdaForm$MH+0x000000010022a400'
Event: 89104.277 Thread 0x0000020766a67ba0 Unloading class 0x000000010022a000 'java/lang/invoke/LambdaForm$MH+0x000000010022a000'
Event: 89104.277 Thread 0x0000020766a67ba0 Unloading class 0x0000000100224800 'jdk/internal/reflect/GeneratedConstructorAccessor4'
Event: 89104.277 Thread 0x0000020766a67ba0 Unloading class 0x0000000100220c00 'java/lang/invoke/LambdaForm$MH+0x0000000100220c00'
Event: 89104.277 Thread 0x0000020766a67ba0 Unloading class 0x0000000100220800 'java/lang/invoke/LambdaForm$MH+0x0000000100220800'
Event: 89104.277 Thread 0x0000020766a67ba0 Unloading class 0x0000000100220000 'java/lang/invoke/LambdaForm$MH+0x0000000100220000'
Event: 89104.277 Thread 0x0000020766a67ba0 Unloading class 0x00000001001b1c00 'java/lang/invoke/LambdaForm$MH+0x00000001001b1c00'
Event: 89104.277 Thread 0x0000020766a67ba0 Unloading class 0x00000001001b1800 'java/lang/invoke/LambdaForm$MH+0x00000001001b1800'
Event: 89104.277 Thread 0x0000020766a67ba0 Unloading class 0x00000001001b1400 'java/lang/invoke/LambdaForm$MH+0x00000001001b1400'
Event: 89104.277 Thread 0x0000020766a67ba0 Unloading class 0x00000001001b1000 'java/lang/invoke/LambdaForm$MH+0x00000001001b1000'
Event: 89104.277 Thread 0x0000020766a67ba0 Unloading class 0x00000001001b0c00 'java/lang/invoke/LambdaForm$MH+0x00000001001b0c00'
Event: 89104.277 Thread 0x0000020766a67ba0 Unloading class 0x00000001001b0800 'java/lang/invoke/LambdaForm$MH+0x00000001001b0800'
Event: 89104.277 Thread 0x0000020766a67ba0 Unloading class 0x00000001001b0400 'java/lang/invoke/LambdaForm$MH+0x00000001001b0400'
Event: 89104.277 Thread 0x0000020766a67ba0 Unloading class 0x00000001001b0000 'java/lang/invoke/LambdaForm$MH+0x00000001001b0000'
Event: 89104.277 Thread 0x0000020766a67ba0 Unloading class 0x0000000100129000 'jdk/internal/reflect/GeneratedMethodAccessor5'
Event: 89104.277 Thread 0x0000020766a67ba0 Unloading class 0x0000000100128c00 'jdk/internal/reflect/GeneratedMethodAccessor4'
Event: 89104.277 Thread 0x0000020766a67ba0 Unloading class 0x0000000100128800 'jdk/internal/reflect/GeneratedMethodAccessor3'
Event: 89104.277 Thread 0x0000020766a67ba0 Unloading class 0x0000000100128400 'jdk/internal/reflect/GeneratedMethodAccessor2'
Event: 89104.277 Thread 0x0000020766a67ba0 Unloading class 0x0000000100128000 'jdk/internal/reflect/GeneratedMethodAccessor1'

Classes redefined (0 events):
No events

Internal exceptions (20 events):
Event: 89105.769 Thread 0x000002070256e340 Exception <a 'sun/nio/fs/WindowsException'{0x00000000eb6e2778}> (0x00000000eb6e2778) 
thrown [s\src\hotspot\share\prims\jni.cpp, line 516]
Event: 89105.769 Thread 0x000002070256e340 Exception <a 'sun/nio/fs/WindowsException'{0x00000000eb6e2d40}> (0x00000000eb6e2d40) 
thrown [s\src\hotspot\share\prims\jni.cpp, line 516]
Event: 89105.806 Thread 0x0000020702569750 Exception <a 'java/lang/NoSuchMethodError'{0x00000000eace2d50}: 'int java.lang.invoke.DirectMethodHandle$Holder.invokeStatic(java.lang.Object, java.lang.Object, java.lang.Object, int)'> (0x00000000eace2d50) 
thrown [s\src\hotspot\share\interpreter\linkResolver.cpp, line 759]
Event: 89105.872 Thread 0x0000020702569750 Exception <a 'java/lang/NoSuchMethodError'{0x00000000eb01ab68}: 'int java.lang.invoke.DirectMethodHandle$Holder.invokeSpecialIFC(java.lang.Object, java.lang.Object, java.lang.Object)'> (0x00000000eb01ab68) 
thrown [s\src\hotspot\share\interpreter\linkResolver.cpp, line 759]
Event: 89105.988 Thread 0x0000020702569750 Exception <a 'java/io/FileNotFoundException'{0x00000000eb30e368}> (0x00000000eb30e368) 
thrown [s\src\hotspot\share\prims\jni.cpp, line 516]
Event: 89105.988 Thread 0x0000020702569750 Exception <a 'java/io/FileNotFoundException'{0x00000000eb30f630}> (0x00000000eb30f630) 
thrown [s\src\hotspot\share\prims\jni.cpp, line 516]
Event: 89105.997 Thread 0x00000207010476c0 Exception <a 'java/lang/NoSuchMethodError'{0x00000000eb4143e8}: 'java.lang.Object java.lang.invoke.DirectMethodHandle$Holder.invokeSpecial(java.lang.Object, java.lang.Object, int, long)'> (0x00000000eb4143e8) 
thrown [s\src\hotspot\share\interpreter\linkResolver.cpp, line 759]
Event: 89106.389 Thread 0x0000020702569750 Exception <a 'java/lang/ClassNotFoundException'{0x00000000eb04c788}: sun/util/logging/resources/spi/loggingProvider> (0x00000000eb04c788) 
thrown [s\src\hotspot\share\classfile\systemDictionary.cpp, line 256]
Event: 89106.413 Thread 0x000002070256e340 Exception <a 'java/lang/NoSuchMethodError'{0x00000000eb3c3928}: 'int java.lang.invoke.DirectMethodHandle$Holder.invokeStatic(java.lang.Object)'> (0x00000000eb3c3928) 
thrown [s\src\hotspot\share\interpreter\linkResolver.cpp, line 759]
Event: 89106.700 Thread 0x0000020701048b00 Implicit null exception at 0x00000207715977ac to 0x00000207715978c0
Event: 89107.062 Thread 0x000002070256e340 Exception <a 'java/io/FileNotFoundException'{0x00000000eb669a78}> (0x00000000eb669a78) 
thrown [s\src\hotspot\share\prims\jni.cpp, line 516]
Event: 89107.063 Thread 0x000002070256e340 Exception <a 'java/io/FileNotFoundException'{0x00000000eb66ad58}> (0x00000000eb66ad58) 
thrown [s\src\hotspot\share\prims\jni.cpp, line 516]
Event: 89107.063 Thread 0x000002070256e340 Exception <a 'java/io/FileNotFoundException'{0x00000000eb66bd90}> (0x00000000eb66bd90) 
thrown [s\src\hotspot\share\prims\jni.cpp, line 516]
Event: 89107.318 Thread 0x000002070256e340 Exception <a 'java/lang/NoSuchMethodError'{0x00000000eb0be418}: 'java.lang.Object java.lang.invoke.DirectMethodHandle$Holder.invokeVirtual(java.lang.Object, java.lang.Object, java.lang.Object)'> (0x00000000eb0be418) 
thrown [s\src\hotspot\share\interpreter\linkResolver.cpp, line 759]
Event: 89107.517 Thread 0x000002070256e340 Exception <a 'sun/nio/fs/WindowsException'{0x00000000eb3cd480}> (0x00000000eb3cd480) 
thrown [s\src\hotspot\share\prims\jni.cpp, line 516]
Event: 89107.518 Thread 0x000002070256e340 Exception <a 'sun/nio/fs/WindowsException'{0x00000000eb3cdad8}> (0x00000000eb3cdad8) 
thrown [s\src\hotspot\share\prims\jni.cpp, line 516]
Event: 89107.640 Thread 0x0000020701048b00 Implicit null exception at 0x00000207715a9980 to 0x00000207715ac69c
Event: 89109.285 Thread 0x0000020701048b00 Implicit null exception at 0x00000207716223a0 to 0x0000020771626d30
Event: 89344.752 Thread 0x0000020702569750 Exception <a 'sun/nio/fs/WindowsException'{0x00000000eaca7fa8}> (0x00000000eaca7fa8) 
thrown [s\src\hotspot\share\prims\jni.cpp, line 516]
Event: 89344.767 Thread 0x0000020702569750 Exception <a 'sun/nio/fs/WindowsException'{0x00000000ead736f0}> (0x00000000ead736f0) 
thrown [s\src\hotspot\share\prims\jni.cpp, line 516]

VM Operations (20 events):
Event: 89343.968 Executing VM operation: ParallelGCFailedAllocation
Event: 89344.109 Executing VM operation: ParallelGCFailedAllocation done
Event: 89344.109 Executing VM operation: ParallelGCFailedAllocation
Event: 89344.251 Executing VM operation: ParallelGCFailedAllocation done
Event: 89344.251 Executing VM operation: ParallelGCFailedAllocation
Event: 89344.388 Executing VM operation: ParallelGCFailedAllocation done
Event: 89344.388 Executing VM operation: ParallelGCFailedAllocation
Event: 89344.542 Executing VM operation: ParallelGCFailedAllocation done
Event: 89344.542 Executing VM operation: ParallelGCFailedAllocation
Event: 89344.573 Executing VM operation: ParallelGCFailedAllocation done
Event: 89344.598 Executing VM operation: ParallelGCFailedAllocation
Event: 89344.604 Executing VM operation: ParallelGCFailedAllocation done
Event: 89344.626 Executing VM operation: ParallelGCFailedAllocation
Event: 89344.630 Executing VM operation: ParallelGCFailedAllocation done
Event: 89344.652 Executing VM operation: ParallelGCFailedAllocation
Event: 89344.657 Executing VM operation: ParallelGCFailedAllocation done
Event: 89344.718 Executing VM operation: ParallelGCFailedAllocation
Event: 89344.735 Executing VM operation: ParallelGCFailedAllocation done
Event: 89344.815 Executing VM operation: ParallelGCFailedAllocation
Event: 89344.827 Executing VM operation: ParallelGCFailedAllocation done

Events (20 events):
Event: 89107.414 Thread 0x000002077f9628e0 flushing nmethod 0x000002076a5d6110
Event: 89107.414 Thread 0x000002077f9628e0 flushing nmethod 0x000002076a5d6490
Event: 89107.414 Thread 0x000002077f9628e0 flushing nmethod 0x000002076a5d6990
Event: 89107.414 Thread 0x000002077f9628e0 flushing nmethod 0x000002076a5d7790
Event: 89107.414 Thread 0x000002077f9628e0 flushing nmethod 0x000002076a5d7c90
Event: 89107.414 Thread 0x000002077f9628e0 flushing nmethod 0x000002076a5d8c90
Event: 89107.414 Thread 0x000002077f9628e0 flushing nmethod 0x000002076a5de710
Event: 89107.414 Thread 0x000002077f9628e0 flushing nmethod 0x000002076a5eae10
Event: 89110.402 Thread 0x0000020704952550 Thread exited: 0x0000020704952550
Event: 89110.695 Thread 0x0000020705502b00 Thread exited: 0x0000020705502b00
Event: 89112.117 Thread 0x0000020704ea4ed0 Thread added: 0x0000020704ea4ed0
Event: 89112.427 Thread 0x0000020704ea4ed0 Thread exited: 0x0000020704ea4ed0
Event: 89167.306 Thread 0x00000207010476c0 Thread exited: 0x00000207010476c0
Event: 89167.490 Thread 0x0000020705896630 Thread exited: 0x0000020705896630
Event: 89168.913 Thread 0x00000207058938a0 Thread exited: 0x00000207058938a0
Event: 89171.549 Thread 0x0000020705897050 Thread exited: 0x0000020705897050
Event: 89229.047 Thread 0x0000020705891f50 Thread exited: 0x0000020705891f50
Event: 89289.169 Thread 0x0000020701049520 Thread exited: 0x0000020701049520
Event: 89344.664 Thread 0x0000020702a72030 Thread added: 0x0000020702a72030
Event: 89344.668 Thread 0x0000020700f1a640 Thread added: 0x0000020700f1a640


Dynamic libraries:
0x00007ff6f5090000 - 0x00007ff6f509e000 	c:\Users\ASUS\.vscode\extensions\redhat.java-1.34.0-win32-x64\jre\17.0.12-win32-x86_64\bin\java.exe
0x00007ffbeda30000 - 0x00007ffbedc47000 	C:\WINDOWS\SYSTEM32\ntdll.dll
0x00007ffbecf80000 - 0x00007ffbed044000 	C:\WINDOWS\System32\KERNEL32.DLL
0x00007ffbeb100000 - 0x00007ffbeb4b9000 	C:\WINDOWS\System32\KERNELBASE.dll
0x00007ffbeae50000 - 0x00007ffbeaf61000 	C:\WINDOWS\System32\ucrtbase.dll
0x00007ffbc4010000 - 0x00007ffbc4027000 	c:\Users\ASUS\.vscode\extensions\redhat.java-1.34.0-win32-x64\jre\17.0.12-win32-x86_64\bin\jli.dll
0x00007ffbc3cd0000 - 0x00007ffbc3ceb000 	c:\Users\ASUS\.vscode\extensions\redhat.java-1.34.0-win32-x64\jre\17.0.12-win32-x86_64\bin\VCRUNTIME140.dll
0x00007ffbec500000 - 0x00007ffbec6ae000 	C:\WINDOWS\System32\USER32.dll
0x00007ffbd6b80000 - 0x00007ffbd6e12000 	C:\WINDOWS\WinSxS\amd64_microsoft.windows.common-controls_6595b64144ccf1df_6.0.22621.4391_none_2715d37f73803e96\COMCTL32.dll
0x00007ffbec0e0000 - 0x00007ffbec187000 	C:\WINDOWS\System32\msvcrt.dll
0x00007ffbed9c0000 - 0x00007ffbed9e9000 	C:\WINDOWS\System32\GDI32.dll
0x00007ffbeae20000 - 0x00007ffbeae46000 	C:\WINDOWS\System32\win32u.dll
0x00007ffbeb630000 - 0x00007ffbeb74b000 	C:\WINDOWS\System32\gdi32full.dll
0x00007ffbeb060000 - 0x00007ffbeb0fa000 	C:\WINDOWS\System32\msvcp_win.dll
0x00007ffbed980000 - 0x00007ffbed9b1000 	C:\WINDOWS\System32\IMM32.DLL
0x00007ffbd4dd0000 - 0x00007ffbd4ddc000 	c:\Users\ASUS\.vscode\extensions\redhat.java-1.34.0-win32-x64\jre\17.0.12-win32-x86_64\bin\vcruntime140_1.dll
0x00007ffba8040000 - 0x00007ffba80cd000 	c:\Users\ASUS\.vscode\extensions\redhat.java-1.34.0-win32-x64\jre\17.0.12-win32-x86_64\bin\msvcp140.dll
0x00007ffb420e0000 - 0x00007ffb42d4a000 	c:\Users\ASUS\.vscode\extensions\redhat.java-1.34.0-win32-x64\jre\17.0.12-win32-x86_64\bin\server\jvm.dll
0x00007ffbed6a0000 - 0x00007ffbed752000 	C:\WINDOWS\System32\ADVAPI32.dll
0x00007ffbecd70000 - 0x00007ffbece17000 	C:\WINDOWS\System32\sechost.dll
0x00007ffbeaf70000 - 0x00007ffbeaf98000 	C:\WINDOWS\System32\bcrypt.dll
0x00007ffbed100000 - 0x00007ffbed214000 	C:\WINDOWS\System32\RPCRT4.dll
0x00007ffbec190000 - 0x00007ffbec201000 	C:\WINDOWS\System32\WS2_32.dll
0x00007ffbeac00000 - 0x00007ffbeac4d000 	C:\WINDOWS\SYSTEM32\POWRPROF.dll
0x00007ffbe4320000 - 0x00007ffbe4354000 	C:\WINDOWS\SYSTEM32\WINMM.dll
0x00007ffbe2f70000 - 0x00007ffbe2f7a000 	C:\WINDOWS\SYSTEM32\VERSION.dll
0x00007ffbeabe0000 - 0x00007ffbeabf3000 	C:\WINDOWS\SYSTEM32\UMPDC.dll
0x00007ffbe9cd0000 - 0x00007ffbe9ce8000 	C:\WINDOWS\SYSTEM32\kernel.appcore.dll
0x00007ffbd43c0000 - 0x00007ffbd43ca000 	c:\Users\ASUS\.vscode\extensions\redhat.java-1.34.0-win32-x64\jre\17.0.12-win32-x86_64\bin\jimage.dll
0x00007ffbc3280000 - 0x00007ffbc34b2000 	C:\WINDOWS\SYSTEM32\DBGHELP.DLL
0x00007ffbec900000 - 0x00007ffbecc8f000 	C:\WINDOWS\System32\combase.dll
0x00007ffbecc90000 - 0x00007ffbecd67000 	C:\WINDOWS\System32\OLEAUT32.dll
0x00007ffbc3240000 - 0x00007ffbc3272000 	C:\WINDOWS\SYSTEM32\dbgcore.DLL
0x00007ffbead30000 - 0x00007ffbeadab000 	C:\WINDOWS\System32\bcryptPrimitives.dll
0x00007ffbd42c0000 - 0x00007ffbd42ce000 	c:\Users\ASUS\.vscode\extensions\redhat.java-1.34.0-win32-x64\jre\17.0.12-win32-x86_64\bin\instrument.dll
0x00007ffba8520000 - 0x00007ffba8545000 	c:\Users\ASUS\.vscode\extensions\redhat.java-1.34.0-win32-x64\jre\17.0.12-win32-x86_64\bin\java.dll
0x00007ffbc4ba0000 - 0x00007ffbc4bb8000 	c:\Users\ASUS\.vscode\extensions\redhat.java-1.34.0-win32-x64\jre\17.0.12-win32-x86_64\bin\zip.dll
0x00007ffbeb860000 - 0x00007ffbec0d6000 	C:\WINDOWS\System32\SHELL32.dll
0x00007ffbe8c20000 - 0x00007ffbe9523000 	C:\WINDOWS\SYSTEM32\windows.storage.dll
0x00007ffbe8ae0000 - 0x00007ffbe8c1f000 	C:\WINDOWS\SYSTEM32\wintypes.dll
0x00007ffbece80000 - 0x00007ffbecf79000 	C:\WINDOWS\System32\SHCORE.dll
0x00007ffbeb800000 - 0x00007ffbeb85e000 	C:\WINDOWS\System32\shlwapi.dll
0x00007ffbeac60000 - 0x00007ffbeac8b000 	C:\WINDOWS\SYSTEM32\profapi.dll
0x00007ffbc2ae0000 - 0x00007ffbc2af9000 	C:\Users\ASUS\.vscode\extensions\redhat.java-1.34.0-win32-x64\jre\17.0.12-win32-x86_64\bin\net.dll
0x00007ffbe3b50000 - 0x00007ffbe3c86000 	C:\WINDOWS\SYSTEM32\WINHTTP.dll
0x00007ffbea1a0000 - 0x00007ffbea209000 	C:\WINDOWS\system32\mswsock.dll
0x00007ffbc1c10000 - 0x00007ffbc1c26000 	C:\Users\ASUS\.vscode\extensions\redhat.java-1.34.0-win32-x64\jre\17.0.12-win32-x86_64\bin\nio.dll
0x00007ffbd4230000 - 0x00007ffbd4240000 	c:\Users\ASUS\.vscode\extensions\redhat.java-1.34.0-win32-x64\jre\17.0.12-win32-x86_64\bin\verify.dll
0x00007ffba7ff0000 - 0x00007ffba8035000 	C:\Users\ASUS\AppData\Roaming\Code\User\globalStorage\redhat.java\1.34.0\config_win\org.eclipse.equinox.launcher\org.eclipse.equinox.launcher.win32.win32.x86_64_1.2.1100.v20240722-2106\eclipse_11904.dll
0x00007ffbed7c0000 - 0x00007ffbed965000 	C:\WINDOWS\System32\ole32.dll
0x00007ffbd9d30000 - 0x00007ffbd9d39000 	C:\Users\ASUS\.vscode\extensions\redhat.java-1.34.0-win32-x64\jre\17.0.12-win32-x86_64\bin\management.dll
0x00007ffbd75d0000 - 0x00007ffbd75db000 	C:\Users\ASUS\.vscode\extensions\redhat.java-1.34.0-win32-x64\jre\17.0.12-win32-x86_64\bin\management_ext.dll
0x00007ffbed970000 - 0x00007ffbed978000 	C:\WINDOWS\System32\PSAPI.DLL
0x00007ffbea4f0000 - 0x00007ffbea50b000 	C:\WINDOWS\SYSTEM32\CRYPTSP.dll
0x00007ffbe9c90000 - 0x00007ffbe9cc5000 	C:\WINDOWS\system32\rsaenh.dll
0x00007ffbea240000 - 0x00007ffbea268000 	C:\WINDOWS\SYSTEM32\USERENV.dll
0x00007ffbea4d0000 - 0x00007ffbea4dc000 	C:\WINDOWS\SYSTEM32\CRYPTBASE.dll
0x00007ffbe97d0000 - 0x00007ffbe97fd000 	C:\WINDOWS\SYSTEM32\IPHLPAPI.DLL
0x00007ffbec870000 - 0x00007ffbec879000 	C:\WINDOWS\System32\NSI.dll
0x00007ffbe39c0000 - 0x00007ffbe39d9000 	C:\WINDOWS\SYSTEM32\dhcpcsvc6.DLL
0x00007ffbe3840000 - 0x00007ffbe385f000 	C:\WINDOWS\SYSTEM32\dhcpcsvc.DLL
0x00007ffbe9800000 - 0x00007ffbe9902000 	C:\WINDOWS\SYSTEM32\DNSAPI.dll
0x00007ffba7640000 - 0x00007ffba7685000 	C:\Users\ASUS\AppData\Local\Temp\jna-2018896\jna5275626343472272636.dll
0x00007ffbe44d0000 - 0x00007ffbe44de000 	C:\Users\ASUS\.vscode\extensions\redhat.java-1.34.0-win32-x64\jre\17.0.12-win32-x86_64\bin\sunmscapi.dll
0x00007ffbeb4c0000 - 0x00007ffbeb626000 	C:\WINDOWS\System32\CRYPT32.dll
0x00007ffbea600000 - 0x00007ffbea62d000 	C:\WINDOWS\SYSTEM32\ncrypt.dll
0x00007ffbea5c0000 - 0x00007ffbea5f7000 	C:\WINDOWS\SYSTEM32\NTASN1.dll
0x00007ffbe1a70000 - 0x00007ffbe1a7a000 	C:\Windows\System32\rasadhlp.dll
0x00007ffbe2ee0000 - 0x00007ffbe2f63000 	C:\WINDOWS\System32\fwpuclnt.dll
0x00007ffbd9fb0000 - 0x00007ffbd9fb9000 	C:\Users\ASUS\.vscode\extensions\redhat.java-1.34.0-win32-x64\jre\17.0.12-win32-x86_64\bin\extnet.dll

dbghelp: loaded successfully - version: 4.0.5 - missing functions: none
symbol engine: initialized successfully - sym options: 0x614 - pdb path: .;c:\Users\ASUS\.vscode\extensions\redhat.java-1.34.0-win32-x64\jre\17.0.12-win32-x86_64\bin;C:\WINDOWS\SYSTEM32;C:\WINDOWS\WinSxS\amd64_microsoft.windows.common-controls_6595b64144ccf1df_6.0.22621.4391_none_2715d37f73803e96;c:\Users\ASUS\.vscode\extensions\redhat.java-1.34.0-win32-x64\jre\17.0.12-win32-x86_64\bin\server;C:\Users\ASUS\AppData\Roaming\Code\User\globalStorage\redhat.java\1.34.0\config_win\org.eclipse.equinox.launcher\org.eclipse.equinox.launcher.win32.win32.x86_64_1.2.1100.v20240722-2106;C:\Users\ASUS\AppData\Local\Temp\jna-2018896

VM Arguments:
jvm_args: --add-modules=ALL-SYSTEM --add-opens=java.base/java.util=ALL-UNNAMED --add-opens=java.base/java.lang=ALL-UNNAMED --add-opens=java.base/sun.nio.fs=ALL-UNNAMED -Declipse.application=org.eclipse.jdt.ls.core.id1 -Dosgi.bundles.defaultStartLevel=4 -Declipse.product=org.eclipse.jdt.ls.core.product -Djava.import.generatesMetadataFilesAtProjectRoot=false -DDetectVMInstallationsJob.disabled=true -Dfile.encoding=utf8 -XX:+UseParallelGC -XX:GCTimeRatio=4 -XX:AdaptiveSizePolicyWeight=90 -Dsun.zip.disableMemoryMapping=true -Xmx1G -Xms100m -Xlog:disable -javaagent:c:\Users\ASUS\.vscode\extensions\redhat.java-1.34.0-win32-x64\lombok\lombok-1.18.33.jar -XX:+HeapDumpOnOutOfMemoryError -XX:HeapDumpPath=c:\Users\ASUS\AppData\Roaming\Code\User\workspaceStorage\6dc25c7115777156d497d2143beefcad\redhat.java -Daether.dependencyCollector.impl=bf 
java_command: c:\Users\ASUS\.vscode\extensions\redhat.java-1.34.0-win32-x64\server\plugins\org.eclipse.equinox.launcher_1.6.900.v20240613-2009.jar -configuration c:\Users\ASUS\AppData\Roaming\Code\User\globalStorage\redhat.java\1.34.0\config_win -data c:\Users\ASUS\AppData\Roaming\Code\User\workspaceStorage\6dc25c7115777156d497d2143beefcad\redhat.java\jdt_ws --pipe=\\.\pipe\lsp-338161faa1098b793a8f04dc1c03464b-sock
java_class_path (initial): c:\Users\ASUS\.vscode\extensions\redhat.java-1.34.0-win32-x64\server\plugins\org.eclipse.equinox.launcher_1.6.900.v20240613-2009.jar
Launcher Type: SUN_STANDARD

[Global flags]
    uintx AdaptiveSizePolicyWeight                 = 90                                        {product} {command line}
     intx CICompilerCount                          = 4                                         {product} {ergonomic}
    uintx GCTimeRatio                              = 4                                         {product} {command line}
     bool HeapDumpOnOutOfMemoryError               = true                                   {manageable} {command line}
    ccstr HeapDumpPath                             = c:\Users\ASUS\AppData\Roaming\Code\User\workspaceStorage\6dc25c7115777156d497d2143beefcad\redhat.java         {manageable} {command line}
   size_t InitialHeapSize                          = 104857600                                 {product} {command line}
   size_t MaxHeapSize                              = 1073741824                                {product} {command line}
   size_t MaxNewSize                               = 357564416                                 {product} {ergonomic}
   size_t MinHeapDeltaBytes                        = 524288                                    {product} {ergonomic}
   size_t MinHeapSize                              = 104857600                                 {product} {command line}
   size_t NewSize                                  = 34603008                                  {product} {ergonomic}
    uintx NonNMethodCodeHeapSize                   = 5839372                                {pd product} {ergonomic}
    uintx NonProfiledCodeHeapSize                  = 122909434                              {pd product} {ergonomic}
   size_t OldSize                                  = 70254592                                  {product} {ergonomic}
    uintx ProfiledCodeHeapSize                     = 122909434                              {pd product} {ergonomic}
    uintx ReservedCodeCacheSize                    = 251658240                              {pd product} {ergonomic}
     bool SegmentedCodeCache                       = true                                      {product} {ergonomic}
   size_t SoftMaxHeapSize                          = 1073741824                             {manageable} {ergonomic}
     bool UseCompressedClassPointers               = true                           {product lp64_product} {ergonomic}
     bool UseCompressedOops                        = true                           {product lp64_product} {ergonomic}
     bool UseLargePagesIndividualAllocation        = false                                  {pd product} {ergonomic}
     bool UseParallelGC                            = true                                      {product} {command line}

Logging:
Log output configuration:
 #0: stdout all=off uptime,level,tags
 #1: stderr all=off uptime,level,tags

Environment Variables:
JAVA_HOME=C:\Program Files\Java\jdk-21.0.4+7
PATH=C:\Program Files\Java\jdk-21.0.4+7\bin;C:\WINDOWS\system32;C:\WINDOWS;C:\WINDOWS\System32\Wbem;C:\WINDOWS\System32\WindowsPowerShell\v1.0\;C:\WINDOWS\System32\OpenSSH\;C:\Program Files\Docker\Docker\resources\bin;C:\Program Files\dotnet\;C:\Program Files\apache-maven-3.9.9\bin;C:\Program Files\Git\cmd;C:\Users\ASUS\AppData\Local\Microsoft\WindowsApps;C:\Users\ASUS\AppData\Local\Programs\Microsoft VS Code\bin
USERNAME=ASUS
OS=Windows_NT
PROCESSOR_IDENTIFIER=Intel64 Family 6 Model 158 Stepping 10, GenuineIntel
TMP=C:\Users\ASUS\AppData\Local\Temp
TEMP=C:\Users\ASUS\AppData\Local\Temp



Periodic native trim disabled


---------------  S Y S T E M  ---------------

OS:
 Windows 11 , 64 bit Build 22621 (10.0.22621.4391)
OS uptime: 1 days 14:38 hours
Hyper-V role detected

CPU: total 8 (initial active 8) (4 cores per cpu, 2 threads per core) family 6 model 158 stepping 10 microcode 0xde, cx8, cmov, fxsr, ht, mmx, 3dnowpref, sse, sse2, sse3, ssse3, sse4.1, sse4.2, popcnt, lzcnt, tsc, tscinvbit, avx, avx2, aes, erms, clmul, bmi1, bmi2, adx, fma, vzeroupper, clflush, clflushopt, hv
Processor Information for all 8 processors :
  Max Mhz: 2304, Current Mhz: 2304, Mhz Limit: 2304

Memory: 4k page, system-wide physical 32623M (8856M free)
TotalPageFile size 34671M (AvailPageFile size 0M)
current process WorkingSet (physical memory assigned to process): 697M, peak: 697M
current process commit charge ("private bytes"): 935M, peak: 956M

vm_info: OpenJDK 64-Bit Server VM (17.0.12+7) for windows-amd64 JRE (17.0.12+7), built on Jul 16 2024 22:08:24 by "admin" with MS VC++ 16.10 / 16.11 (VS2019)

END.
